<?xml version="1.0" encoding="UTF-8"?>
<!-- Generated by org.testng.reporters.JUnitReportReporter -->
<testsuite hostname="DESKTOP-460CLSS" failures="0" tests="1" name="testCases.TC_002_LoginTest" time="3.003" errors="0" timestamp="2023-09-25T07:56:16 CDT" skipped="0">
  <testcase classname="testCases.TC_002_LoginTest" name="test_Login" time="3.003"/>
</testsuite> <!-- testCases.TC_002_LoginTest -->
